<?xml version="1.0" encoding="UTF-8"?>
<!-- Generated by org.testng.reporters.JUnitXMLReporter -->
<testsuite ignored="0" hostname="LAPTOP-PR5REPSJ" failures="1" tests="3" name="Test" time="4.022" errors="0" timestamp="2024-08-24T00:55:42 IST">
  <testcase classname="com.RunnerClass.SwagRunner" name="LoginTest" time="0.725">
    <failure type="java.lang.AssertionError" message="expected [Swag Labs ] but found [Swag Labs]">
      <![CDATA[java.lang.AssertionError: expected [Swag Labs ] but found [Swag Labs]
at com.BaseClass.BaseClass.validation(BaseClass.java:292)
at com.pom.SwagLogin.validLogIn(SwagLogin.java:53)
at com.RunnerClass.SwagRunner.LoginTest(SwagRunner.java:49)
at java.base/java.util.ArrayList.forEach(ArrayList.java:1511)
... Removed 33 stack frames]]>
    </failure>
  </testcase> <!-- LoginTest -->
  <testcase classname="com.RunnerClass.SwagRunner" name="emptyUserEmptyPassLogin" time="0.17"/>
  <testcase classname="com.RunnerClass.SwagRunner" name="validmailEmptyPass" time="0.19"/>
</testsuite> <!-- Test -->
