<?xml version="1.0" encoding="UTF-8"?>
<testng-results ignored="0" total="1" passed="1" failed="0" skipped="0">
  <reporter-output>
  </reporter-output>
  <suite started-at="2024-08-24T22:50:14 IST" name="Default suite" finished-at="2024-08-24T22:50:43 IST" duration-ms="29628">
    <groups>
    </groups>
    <test started-at="2024-08-24T22:50:14 IST" name="Default test" finished-at="2024-08-24T22:50:43 IST" duration-ms="29628">
      <class name="com.RunnerClass.FileUpload">
        <test-method signature="fileData()[pri:0, instance:com.RunnerClass.FileUpload@36060e]" started-at="2024-08-24T22:50:14 IST" name="fileData" finished-at="2024-08-24T22:50:43 IST" duration-ms="29401" status="PASS">
          <reporter-output>
          </reporter-output>
        </test-method> <!-- fileData -->
      </class> <!-- com.RunnerClass.FileUpload -->
    </test> <!-- Default test -->
  </suite> <!-- Default suite -->
</testng-results>
